<?xml version="1.0" encoding="UTF-8"?><testrun name="MenuOptionsRunner" project="SeleniumSBA" tests="5" started="5" failures="2" errors="0" ignored="2">
  <testsuite name="com.perscholas.selenium_cucumber_template.runners.MenuOptionsRunner" time="1.631">
    <testsuite name="Feature: Navigate the menu and add an item to the cart" time="1.631">
      <testsuite name="Scenario: Use the menu to reach the correct category, then add item to cart" time="1.623" incomplete="true">
        <failure>java.lang.AssertionError: 
Expected: "EVENING DRESSES"
     but: was "WOMEN "&#13;
	at org.hamcrest.MatcherAssert.assertThat(MatcherAssert.java:20)&#13;
	at org.junit.Assert.assertThat(Assert.java:956)&#13;
	at org.junit.Assert.assertThat(Assert.java:923)&#13;
	at com.perscholas.selenium_cucumber_template.step_definitions.MenuOptionsStepDef.you_will_be_on_the_evening_dresses_page(MenuOptionsStepDef.java:53)&#13;
	at ✽.Then you will be on the evening dresses page(src/test/java/com/perscholas/selenium_cucumber_template/features/menuOptionsRequirement.feature:6)&#13;
&#13;
</failure>
        <testcase name="Given user navigates to the online store" classname="Scenario: Use the menu to reach the correct category, then add item to cart" time="1.548"/>
        <testcase name="When you use navigation menu to reach evening dresses" classname="Scenario: Use the menu to reach the correct category, then add item to cart" time="0.066"/>
        <testcase name="Then you will be on the evening dresses page" classname="Scenario: Use the menu to reach the correct category, then add item to cart" time="0.009">
          <failure>java.lang.AssertionError: 
Expected: "EVENING DRESSES"
     but: was "WOMEN "&#13;
	at org.hamcrest.MatcherAssert.assertThat(MatcherAssert.java:20)&#13;
	at org.junit.Assert.assertThat(Assert.java:956)&#13;
	at org.junit.Assert.assertThat(Assert.java:923)&#13;
	at com.perscholas.selenium_cucumber_template.step_definitions.MenuOptionsStepDef.you_will_be_on_the_evening_dresses_page(MenuOptionsStepDef.java:53)&#13;
	at ✽.Then you will be on the evening dresses page(src/test/java/com/perscholas/selenium_cucumber_template/features/menuOptionsRequirement.feature:6)&#13;
&#13;
</failure>
        </testcase>
        <testcase name="When you add printed dress to the cart" classname="Scenario: Use the menu to reach the correct category, then add item to cart" time="0.001" ignored="true"/>
        <testcase name="Then printed dress should be in cart" classname="Scenario: Use the menu to reach the correct category, then add item to cart" time="0.005" ignored="true"/>
      </testsuite>
    </testsuite>
  </testsuite>
</testrun>
